============================================================
  Generated by:           Genus(TM) Synthesis Solution 21.17-s066_1
  Generated on:           Apr 29 2025  01:51:42 pm
  Module:                 dcache_wrapper
  Technology libraries:   asap7sc7p5t_AO_LVT_TT_nldm_211120 1.0
                          asap7sc7p5t_INVBUF_LVT_TT_nldm_211120 1.0
                          asap7sc7p5t_OA_LVT_TT_nldm_211120 1.0
                          asap7sc7p5t_SEQ_LVT_TT_nldm_220123 1.0
                          asap7sc7p5t_SIMPLE_LVT_TT_nldm_211120 1.0
                          physical_cells 
  Operating conditions:   PVT_0P7V_25C 
  Interconnect mode:      global
  Area mode:              physical library
============================================================

Timing
-------
  Cost    Critical         Violating 
 Group   Path Slack  TNS     Paths   
-------------------------------------
default    No paths   0.0            
-------------------------------------
Total                 0.0          0 

Instance Count
--------------
Leaf Instance Count             411461 
Physical Instance count              0 
Sequential Instance Count       143189 
Combinational Instance Count    268272 
Hierarchical Instance Count        146 

Area
----
Cell Area                          69361.244
Physical Cell Area                 0.000
Total Cell Area (Cell+Physical)    69361.244
Net Area                           22029.885
Total Area (Cell+Physical+Net)     91391.129

Runtime                            1245.201688 seconds
Elapsed Runtime                    2152 seconds
Genus peak memory usage            3345.76 
Innovus peak memory usage          no_value 
Hostname                           ececomp2.ecn.purdue.edu
