============================================================
  Generated by:           Genus(TM) Synthesis Solution 21.17-s066_1
  Generated on:           Apr 29 2025  01:52:30 pm
  Module:                 dcache_wrapper
  Technology libraries:   asap7sc7p5t_AO_LVT_TT_nldm_211120 1.0
                          asap7sc7p5t_INVBUF_LVT_TT_nldm_211120 1.0
                          asap7sc7p5t_OA_LVT_TT_nldm_211120 1.0
                          asap7sc7p5t_SEQ_LVT_TT_nldm_220123 1.0
                          asap7sc7p5t_SIMPLE_LVT_TT_nldm_211120 1.0
                          physical_cells 
  Operating conditions:   PVT_0P7V_25C 
  Interconnect mode:      global
  Area mode:              physical library
============================================================

                                                Leakage   
          Gate           Instances    Area     Power (nW)                  Library                 
---------------------------------------------------------------------------------------------------
A2O1A1Ixp33_ASAP7_75t_L          1      0.087       0.895    asap7sc7p5t_AO_LVT_TT_nldm_211120     
AND2x2_ASAP7_75t_L            3759    328.837    4910.378    asap7sc7p5t_SIMPLE_LVT_TT_nldm_211120 
AND2x4_ASAP7_75t_L              16      2.333      43.895    asap7sc7p5t_SIMPLE_LVT_TT_nldm_211120 
AND2x6_ASAP7_75t_L              16      2.799      62.443    asap7sc7p5t_SIMPLE_LVT_TT_nldm_211120 
AND3x1_ASAP7_75t_L               1      0.087       1.071    asap7sc7p5t_SIMPLE_LVT_TT_nldm_211120 
AND3x2_ASAP7_75t_L              40      4.082      47.130    asap7sc7p5t_SIMPLE_LVT_TT_nldm_211120 
AND5x1_ASAP7_75t_L               8      0.933      14.977    asap7sc7p5t_SIMPLE_LVT_TT_nldm_211120 
AO211x2_ASAP7_75t_L              1      0.233       2.522    asap7sc7p5t_AO_LVT_TT_nldm_211120     
AO21x1_ASAP7_75t_L               8      0.700      10.864    asap7sc7p5t_AO_LVT_TT_nldm_211120     
AO221x1_ASAP7_75t_L             12      1.750      13.495    asap7sc7p5t_AO_LVT_TT_nldm_211120     
AO222x2_ASAP7_75t_L             18      3.149      36.860    asap7sc7p5t_AO_LVT_TT_nldm_211120     
AO22x1_ASAP7_75t_L            2576    338.023    2696.451    asap7sc7p5t_AO_LVT_TT_nldm_211120     
AO22x2_ASAP7_75t_L               2      0.292       3.664    asap7sc7p5t_AO_LVT_TT_nldm_211120     
AO32x1_ASAP7_75t_L               1      0.117       0.999    asap7sc7p5t_AO_LVT_TT_nldm_211120     
AO331x1_ASAP7_75t_L             40      5.832      55.937    asap7sc7p5t_AO_LVT_TT_nldm_211120     
AO333x1_ASAP7_75t_L             40      6.998      43.041    asap7sc7p5t_AO_LVT_TT_nldm_211120     
AO33x2_ASAP7_75t_L              40      5.832      53.927    asap7sc7p5t_AO_LVT_TT_nldm_211120     
AOI21xp33_ASAP7_75t_L           22      1.604      11.296    asap7sc7p5t_AO_LVT_TT_nldm_211120     
AOI221xp5_ASAP7_75t_L         8680    885.881    6869.510    asap7sc7p5t_AO_LVT_TT_nldm_211120     
AOI22xp33_ASAP7_75t_L        62165   5438.194   29167.753    asap7sc7p5t_AO_LVT_TT_nldm_211120     
AOI311xp33_ASAP7_75t_L          44      4.491      37.879    asap7sc7p5t_AO_LVT_TT_nldm_211120     
AOI31xp33_ASAP7_75t_L            8      0.700       4.198    asap7sc7p5t_AO_LVT_TT_nldm_211120     
AOI321xp33_ASAP7_75t_L           4      0.467       2.350    asap7sc7p5t_AO_LVT_TT_nldm_211120     
AOI322xp5_ASAP7_75t_L            8      1.050       5.311    asap7sc7p5t_AO_LVT_TT_nldm_211120     
AOI333xp33_ASAP7_75t_L          20      3.208      12.190    asap7sc7p5t_AO_LVT_TT_nldm_211120     
AOI33xp33_ASAP7_75t_L           40      4.666      14.518    asap7sc7p5t_AO_LVT_TT_nldm_211120     
BUFx12f_ASAP7_75t_L            405    106.288    3206.883    asap7sc7p5t_INVBUF_LVT_TT_nldm_211120 
BUFx16f_ASAP7_75t_L            332    106.492    3273.255    asap7sc7p5t_INVBUF_LVT_TT_nldm_211120 
BUFx2_ASAP7_75t_L                3      0.219       4.064    asap7sc7p5t_INVBUF_LVT_TT_nldm_211120 
BUFx3_ASAP7_75t_L               13      1.137      25.890    asap7sc7p5t_INVBUF_LVT_TT_nldm_211120 
BUFx4f_ASAP7_75t_L               2      0.233       5.285    asap7sc7p5t_INVBUF_LVT_TT_nldm_211120 
BUFx6f_ASAP7_75t_L            3011    439.004   11930.160    asap7sc7p5t_INVBUF_LVT_TT_nldm_211120 
DFFHQNx1_ASAP7_75t_L           844    246.110    1820.638    asap7sc7p5t_SEQ_LVT_TT_nldm_220123    
DFFHQx4_ASAP7_75t_L              8      2.916      37.699    asap7sc7p5t_SEQ_LVT_TT_nldm_220123    
HB1xp67_ASAP7_75t_L              3      0.175       1.509    asap7sc7p5t_INVBUF_LVT_TT_nldm_211120 
INVx11_ASAP7_75t_L               1      0.190       5.702    asap7sc7p5t_INVBUF_LVT_TT_nldm_211120 
INVx13_ASAP7_75t_L               1      0.219       6.343    asap7sc7p5t_INVBUF_LVT_TT_nldm_211120 
INVx1_ASAP7_75t_L           143176   6262.518   72031.497    asap7sc7p5t_INVBUF_LVT_TT_nldm_211120 
INVx2_ASAP7_75t_L             2229    129.995    2250.482    asap7sc7p5t_INVBUF_LVT_TT_nldm_211120 
INVx8_ASAP7_75t_L                3      0.437      11.833    asap7sc7p5t_INVBUF_LVT_TT_nldm_211120 
INVxp33_ASAP7_75t_L              8      0.350       1.341    asap7sc7p5t_INVBUF_LVT_TT_nldm_211120 
NAND2x2_ASAP7_75t_L             21      3.062      21.023    asap7sc7p5t_SIMPLE_LVT_TT_nldm_211120 
NAND2xp33_ASAP7_75t_L        17494   1020.250    2597.471    asap7sc7p5t_SIMPLE_LVT_TT_nldm_211120 
NAND2xp5_ASAP7_75t_L            69      4.024      31.815    asap7sc7p5t_SIMPLE_LVT_TT_nldm_211120 
NAND3xp33_ASAP7_75t_L         6534    476.329    6214.013    asap7sc7p5t_SIMPLE_LVT_TT_nldm_211120 
NAND4xp25_ASAP7_75t_L         4482    392.085    5350.620    asap7sc7p5t_SIMPLE_LVT_TT_nldm_211120 
NAND5xp2_ASAP7_75t_L          6177    630.425    9374.702    asap7sc7p5t_SIMPLE_LVT_TT_nldm_211120 
NOR2x1_ASAP7_75t_L              48      4.199      22.929    asap7sc7p5t_SIMPLE_LVT_TT_nldm_211120 
NOR2x1p5_ASAP7_75t_L            14      1.633      13.928    asap7sc7p5t_SIMPLE_LVT_TT_nldm_211120 
NOR2xp33_ASAP7_75t_L          1957    114.132     351.880    asap7sc7p5t_SIMPLE_LVT_TT_nldm_211120 
NOR2xp67_ASAP7_75t_L             9      0.787       3.449    asap7sc7p5t_SIMPLE_LVT_TT_nldm_211120 
NOR3xp33_ASAP7_75t_L            15      1.094       8.060    asap7sc7p5t_SIMPLE_LVT_TT_nldm_211120 
NOR4xp25_ASAP7_75t_L            26      2.274       6.374    asap7sc7p5t_SIMPLE_LVT_TT_nldm_211120 
NOR5xp2_ASAP7_75t_L              8      0.816       0.580    asap7sc7p5t_SIMPLE_LVT_TT_nldm_211120 
O2A1O1Ixp33_ASAP7_75t_L        221     19.333     178.625    asap7sc7p5t_OA_LVT_TT_nldm_211120     
OA211x2_ASAP7_75t_L              1      0.117       1.626    asap7sc7p5t_OA_LVT_TT_nldm_211120     
OA21x2_ASAP7_75t_L               7      0.714      12.526    asap7sc7p5t_OA_LVT_TT_nldm_211120     
OAI211xp5_ASAP7_75t_L            4      0.350       2.567    asap7sc7p5t_OA_LVT_TT_nldm_211120     
OAI21xp33_ASAP7_75t_L           59      4.301      24.878    asap7sc7p5t_OA_LVT_TT_nldm_211120     
OAI21xp5_ASAP7_75t_L             1      0.073       0.947    asap7sc7p5t_OA_LVT_TT_nldm_211120     
OAI221xp5_ASAP7_75t_L          357     36.435     260.018    asap7sc7p5t_OA_LVT_TT_nldm_211120     
OAI22xp33_ASAP7_75t_L          728     63.685     332.494    asap7sc7p5t_OA_LVT_TT_nldm_211120     
OAI311xp33_ASAP7_75t_L           1      0.102       1.052    asap7sc7p5t_OA_LVT_TT_nldm_211120     
OAI31xp33_ASAP7_75t_L            1      0.087       0.549    asap7sc7p5t_OA_LVT_TT_nldm_211120     
OAI322xp33_ASAP7_75t_L           1      0.131       0.924    asap7sc7p5t_OA_LVT_TT_nldm_211120     
OAI32xp33_ASAP7_75t_L            1      0.102       0.592    asap7sc7p5t_OA_LVT_TT_nldm_211120     
OR2x2_ASAP7_75t_L              445     38.929     660.736    asap7sc7p5t_SIMPLE_LVT_TT_nldm_211120 
OR2x4_ASAP7_75t_L                8      0.933      19.978    asap7sc7p5t_SIMPLE_LVT_TT_nldm_211120 
OR3x1_ASAP7_75t_L                1      0.087       1.343    asap7sc7p5t_SIMPLE_LVT_TT_nldm_211120 
OR3x2_ASAP7_75t_L                8      0.816       9.955    asap7sc7p5t_SIMPLE_LVT_TT_nldm_211120 
OR4x1_ASAP7_75t_L              559     57.052    1210.633    asap7sc7p5t_SIMPLE_LVT_TT_nldm_211120 
OR5x1_ASAP7_75t_L             2049    238.995    3497.662    asap7sc7p5t_SIMPLE_LVT_TT_nldm_211120 
SDFHx1_ASAP7_75t_L          142337  51881.836  370933.506    asap7sc7p5t_SEQ_LVT_TT_nldm_220123    
XNOR2xp5_ASAP7_75t_L           112     14.697     148.929    asap7sc7p5t_SIMPLE_LVT_TT_nldm_211120 
XOR2xp5_ASAP7_75t_L             97     12.728     128.274    asap7sc7p5t_SIMPLE_LVT_TT_nldm_211120 
---------------------------------------------------------------------------------------------------
total                       411461  69361.244  540160.796                                          


                                                                        Leakage  Leakage 
               Library                Instances Instances %    Area   Power (nW) Power % 
-----------------------------------------------------------------------------------------
asap7sc7p5t_AO_LVT_TT_nldm_211120         73730        17.9  6703.272  39043.661     7.2 
asap7sc7p5t_INVBUF_LVT_TT_nldm_211120    149187        36.3  7047.258  92754.243    17.2 
asap7sc7p5t_OA_LVT_TT_nldm_211120          1382         0.3   125.432    816.800     0.2 
asap7sc7p5t_SEQ_LVT_TT_nldm_220123       143189        34.8 52130.863 372791.844    69.0 
asap7sc7p5t_SIMPLE_LVT_TT_nldm_211120     43973        10.7  3354.421  34754.249     6.4 

                                            Leakage  Leakage 
     Type      Instances    Area   Area % Power (nW) Power % 
-------------------------------------------------------------
sequential        143189 52130.863   75.2 372791.844    69.0 
inverter          145418  6393.709    9.2  74307.198    13.8 
buffer              3769   653.548    0.9  18447.045     3.4 
logic             119085 10183.124   14.7  74614.709    13.8 
physical_cells         0     0.000    0.0      0.000     0.0 
-------------------------------------------------------------
total             411461 69361.244  100.0 540160.796   100.0 

