============================================================
  Generated by:           Genus(TM) Synthesis Solution 21.17-s066_1
  Generated on:           Apr 29 2025  03:44:51 pm
  Module:                 dcache_wrapper
  Technology libraries:   asap7sc7p5t_AO_LVT_TT_nldm_211120 1.0
                          asap7sc7p5t_INVBUF_LVT_TT_nldm_211120 1.0
                          asap7sc7p5t_OA_LVT_TT_nldm_211120 1.0
                          asap7sc7p5t_SEQ_LVT_TT_nldm_220123 1.0
                          asap7sc7p5t_SIMPLE_LVT_TT_nldm_211120 1.0
                          physical_cells 
  Operating conditions:   PVT_0P7V_25C 
  Interconnect mode:      global
  Area mode:              physical library
============================================================

Timing
--------

Clock Period 
-------------
clk    588.0 


  Cost    Critical                Violating 
 Group   Path Slack      TNS        Paths   
--------------------------------------------
clk           -76.7   -8985912.3     140235 
default    No paths          0.0            
--------------------------------------------
Total                 -8985912.3     140235 

Instance Count
--------------
Leaf Instance Count             412904 
Physical Instance count              0 
Sequential Instance Count       143189 
Combinational Instance Count    269715 
Hierarchical Instance Count        146 

Area
----
Cell Area                          77980.935
Physical Cell Area                 0.000
Total Cell Area (Cell+Physical)    77980.935
Net Area                           5.735
Total Area (Cell+Physical+Net)     77986.670

Runtime                            603.2054439999999 seconds
Elapsed Runtime                    966 seconds
Genus peak memory usage            3313.50 
Innovus peak memory usage          no_value 
Hostname                           ececomp2.ecn.purdue.edu
