============================================================
  Generated by:           Genus(TM) Synthesis Solution 21.17-s066_1
  Generated on:           Apr 29 2025  03:45:26 pm
  Module:                 dcache_wrapper
  Technology libraries:   asap7sc7p5t_AO_LVT_TT_nldm_211120 1.0
                          asap7sc7p5t_INVBUF_LVT_TT_nldm_211120 1.0
                          asap7sc7p5t_OA_LVT_TT_nldm_211120 1.0
                          asap7sc7p5t_SEQ_LVT_TT_nldm_220123 1.0
                          asap7sc7p5t_SIMPLE_LVT_TT_nldm_211120 1.0
                          physical_cells 
  Operating conditions:   PVT_0P7V_25C 
  Interconnect mode:      global
  Area mode:              physical library
============================================================

                                        Leakage  Leakage 
     Type      Instances  Area Area % Power (nW) Power % 
---------------------------------------------------------
sequential        143189 0.000    0.0 318282.943    85.4 
inverter              12 0.000    0.0      2.013     0.0 
logic             269703 0.000    0.0  54431.397    14.6 
physical_cells         0 0.000    0.0      0.000     0.0 
---------------------------------------------------------
total             412904 0.000    0.0 372716.353   100.0 

