============================================================
  Generated by:           Genus(TM) Synthesis Solution 21.17-s066_1
  Generated on:           Apr 29 2025  04:09:19 pm
  Module:                 dcache_wrapper
  Technology libraries:   asap7sc7p5t_AO_LVT_TT_nldm_211120 1.0
                          asap7sc7p5t_INVBUF_LVT_TT_nldm_211120 1.0
                          asap7sc7p5t_OA_LVT_TT_nldm_211120 1.0
                          asap7sc7p5t_SEQ_LVT_TT_nldm_220123 1.0
                          asap7sc7p5t_SIMPLE_LVT_TT_nldm_211120 1.0
                          physical_cells 
  Operating conditions:   PVT_0P7V_25C 
  Interconnect mode:      global
  Area mode:              physical library
============================================================

Timing
--------

Clock Period 
-------------
clk    588.0 


  Cost    Critical                 Violating 
 Group   Path Slack      TNS         Paths   
---------------------------------------------
clk           -72.3   -10115281.8     166589 
default    No paths           0.0            
---------------------------------------------
Total                 -10115281.8     166589 

Instance Count
--------------
Leaf Instance Count             467601 
Physical Instance count              0 
Sequential Instance Count       143189 
Combinational Instance Count    324412 
Hierarchical Instance Count        146 

Area
----
Cell Area                          72268.846
Physical Cell Area                 0.000
Total Cell Area (Cell+Physical)    72268.846
Net Area                           25710.904
Total Area (Cell+Physical+Net)     97979.750

Runtime                            1339.0846849999998 seconds
Elapsed Runtime                    2435 seconds
Genus peak memory usage            3565.04 
Innovus peak memory usage          no_value 
Hostname                           ececomp2.ecn.purdue.edu
