============================================================
  Generated by:           Genus(TM) Synthesis Solution 21.17-s066_1
  Generated on:           Apr 29 2025  04:10:09 pm
  Module:                 dcache_wrapper
  Technology libraries:   asap7sc7p5t_AO_LVT_TT_nldm_211120 1.0
                          asap7sc7p5t_INVBUF_LVT_TT_nldm_211120 1.0
                          asap7sc7p5t_OA_LVT_TT_nldm_211120 1.0
                          asap7sc7p5t_SEQ_LVT_TT_nldm_220123 1.0
                          asap7sc7p5t_SIMPLE_LVT_TT_nldm_211120 1.0
                          physical_cells 
  Operating conditions:   PVT_0P7V_25C 
  Interconnect mode:      global
  Area mode:              physical library
============================================================

                                                  Leakage   
           Gate            Instances    Area     Power (nW)                  Library                 
-----------------------------------------------------------------------------------------------------
A2O1A1Ixp33_ASAP7_75t_L          226     19.770     114.103    asap7sc7p5t_AO_LVT_TT_nldm_211120     
A2O1A1O1Ixp25_ASAP7_75t_L          1      0.131       0.341    asap7sc7p5t_AO_LVT_TT_nldm_211120     
AND2x2_ASAP7_75t_L             10311    902.006   12881.164    asap7sc7p5t_SIMPLE_LVT_TT_nldm_211120 
AND2x4_ASAP7_75t_L              7108   1036.346   17063.239    asap7sc7p5t_SIMPLE_LVT_TT_nldm_211120 
AND2x6_ASAP7_75t_L               604    105.676    2115.457    asap7sc7p5t_SIMPLE_LVT_TT_nldm_211120 
AND3x1_ASAP7_75t_L                29      2.537      22.287    asap7sc7p5t_SIMPLE_LVT_TT_nldm_211120 
AND3x2_ASAP7_75t_L                26      2.654      30.542    asap7sc7p5t_SIMPLE_LVT_TT_nldm_211120 
AND3x4_ASAP7_75t_L                61     12.451     151.910    asap7sc7p5t_SIMPLE_LVT_TT_nldm_211120 
AND4x1_ASAP7_75t_L                61      6.226      47.288    asap7sc7p5t_SIMPLE_LVT_TT_nldm_211120 
AND4x2_ASAP7_75t_L                14      1.633      16.520    asap7sc7p5t_SIMPLE_LVT_TT_nldm_211120 
AND5x1_ASAP7_75t_L                 3      0.350       3.264    asap7sc7p5t_SIMPLE_LVT_TT_nldm_211120 
AO21x1_ASAP7_75t_L                21      1.837      25.293    asap7sc7p5t_AO_LVT_TT_nldm_211120     
AO21x2_ASAP7_75t_L                 9      0.919      16.409    asap7sc7p5t_AO_LVT_TT_nldm_211120     
AO221x1_ASAP7_75t_L               30      4.374      33.477    asap7sc7p5t_AO_LVT_TT_nldm_211120     
AO221x2_ASAP7_75t_L                5      0.802       9.149    asap7sc7p5t_AO_LVT_TT_nldm_211120     
AO222x2_ASAP7_75t_L               11      1.925      20.972    asap7sc7p5t_AO_LVT_TT_nldm_211120     
AO22x1_ASAP7_75t_L              1023    134.238    1078.000    asap7sc7p5t_AO_LVT_TT_nldm_211120     
AO22x2_ASAP7_75t_L                 1      0.146       1.832    asap7sc7p5t_AO_LVT_TT_nldm_211120     
AO32x1_ASAP7_75t_L                 1      0.117       1.007    asap7sc7p5t_AO_LVT_TT_nldm_211120     
AO333x1_ASAP7_75t_L                2      0.350       2.679    asap7sc7p5t_AO_LVT_TT_nldm_211120     
AO33x2_ASAP7_75t_L                30      4.374      40.063    asap7sc7p5t_AO_LVT_TT_nldm_211120     
AOI211xp5_ASAP7_75t_L              2      0.175       0.850    asap7sc7p5t_AO_LVT_TT_nldm_211120     
AOI21x1_ASAP7_75t_L               39      4.549      47.261    asap7sc7p5t_AO_LVT_TT_nldm_211120     
AOI21xp33_ASAP7_75t_L              3      0.219       1.443    asap7sc7p5t_AO_LVT_TT_nldm_211120     
AOI21xp5_ASAP7_75t_L             782     57.008     518.772    asap7sc7p5t_AO_LVT_TT_nldm_211120     
AOI221x1_ASAP7_75t_L               2      0.408       2.033    asap7sc7p5t_AO_LVT_TT_nldm_211120     
AOI221xp5_ASAP7_75t_L           6227    635.528    5009.761    asap7sc7p5t_AO_LVT_TT_nldm_211120     
AOI222xp33_ASAP7_75t_L            10      1.458       7.913    asap7sc7p5t_AO_LVT_TT_nldm_211120     
AOI22x1_ASAP7_75t_L              126     18.371     185.060    asap7sc7p5t_AO_LVT_TT_nldm_211120     
AOI22xp33_ASAP7_75t_L          60797   5318.522   29186.261    asap7sc7p5t_AO_LVT_TT_nldm_211120     
AOI22xp5_ASAP7_75t_L          107913   9440.229   97623.800    asap7sc7p5t_AO_LVT_TT_nldm_211120     
AOI311xp33_ASAP7_75t_L             3      0.306       2.616    asap7sc7p5t_AO_LVT_TT_nldm_211120     
AOI31xp33_ASAP7_75t_L              1      0.087       0.890    asap7sc7p5t_AO_LVT_TT_nldm_211120     
AOI321xp33_ASAP7_75t_L             4      0.467       2.964    asap7sc7p5t_AO_LVT_TT_nldm_211120     
AOI322xp5_ASAP7_75t_L              5      0.656       2.804    asap7sc7p5t_AO_LVT_TT_nldm_211120     
AOI32xp33_ASAP7_75t_L             10      1.021       3.748    asap7sc7p5t_AO_LVT_TT_nldm_211120     
AOI331xp33_ASAP7_75t_L            31      4.068      27.222    asap7sc7p5t_AO_LVT_TT_nldm_211120     
AOI332xp33_ASAP7_75t_L            12      1.750       8.635    asap7sc7p5t_AO_LVT_TT_nldm_211120     
AOI333xp33_ASAP7_75t_L             2      0.321       1.395    asap7sc7p5t_AO_LVT_TT_nldm_211120     
AOI33xp33_ASAP7_75t_L             58      6.765      22.300    asap7sc7p5t_AO_LVT_TT_nldm_211120     
BUFx10_ASAP7_75t_L               117     23.882     705.264    asap7sc7p5t_INVBUF_LVT_TT_nldm_211120 
BUFx12f_ASAP7_75t_L             1445    379.226   11592.169    asap7sc7p5t_INVBUF_LVT_TT_nldm_211120 
BUFx16f_ASAP7_75t_L              403    129.266    4033.110    asap7sc7p5t_INVBUF_LVT_TT_nldm_211120 
BUFx2_ASAP7_75t_L                259     18.881     346.955    asap7sc7p5t_INVBUF_LVT_TT_nldm_211120 
BUFx3_ASAP7_75t_L                823     71.996    1642.225    asap7sc7p5t_INVBUF_LVT_TT_nldm_211120 
BUFx4f_ASAP7_75t_L               764     89.113    2015.867    asap7sc7p5t_INVBUF_LVT_TT_nldm_211120 
BUFx6f_ASAP7_75t_L              3659    533.482   14647.502    asap7sc7p5t_INVBUF_LVT_TT_nldm_211120 
BUFx8_ASAP7_75t_L                  3      0.525      13.833    asap7sc7p5t_INVBUF_LVT_TT_nldm_211120 
CKINVDCx14_ASAP7_75t_L            18      7.348     126.123    asap7sc7p5t_INVBUF_LVT_TT_nldm_211120 
CKINVDCx16_ASAP7_75t_L             3      1.312      25.023    asap7sc7p5t_INVBUF_LVT_TT_nldm_211120 
CKINVDCx6p67_ASAP7_75t_L           6      2.100      20.904    asap7sc7p5t_INVBUF_LVT_TT_nldm_211120 
CKINVDCx9p33_ASAP7_75t_L           4      1.633      19.488    asap7sc7p5t_INVBUF_LVT_TT_nldm_211120 
DFFHQNx1_ASAP7_75t_L          103731  30247.960  230519.972    asap7sc7p5t_SEQ_LVT_TT_nldm_220123    
DFFHQNx2_ASAP7_75t_L               1      0.306       2.685    asap7sc7p5t_SEQ_LVT_TT_nldm_220123    
DFFHQx4_ASAP7_75t_L            15184   5534.568   71948.173    asap7sc7p5t_SEQ_LVT_TT_nldm_220123    
HB1xp67_ASAP7_75t_L               26      1.516      13.104    asap7sc7p5t_INVBUF_LVT_TT_nldm_211120 
INVx11_ASAP7_75t_L               114     21.608     643.015    asap7sc7p5t_INVBUF_LVT_TT_nldm_211120 
INVx13_ASAP7_75t_L                12      2.624      79.581    asap7sc7p5t_INVBUF_LVT_TT_nldm_211120 
INVx1_ASAP7_75t_L              41210   1802.525   20732.834    asap7sc7p5t_INVBUF_LVT_TT_nldm_211120 
INVx2_ASAP7_75t_L               4811    280.578    4905.036    asap7sc7p5t_INVBUF_LVT_TT_nldm_211120 
INVx3_ASAP7_75t_L               4196    305.888    6467.432    asap7sc7p5t_INVBUF_LVT_TT_nldm_211120 
INVx4_ASAP7_75t_L               4016    351.320    8134.694    asap7sc7p5t_INVBUF_LVT_TT_nldm_211120 
INVx5_ASAP7_75t_L               2156    220.041    5353.645    asap7sc7p5t_INVBUF_LVT_TT_nldm_211120 
INVx6_ASAP7_75t_L               1617    188.607    4754.083    asap7sc7p5t_INVBUF_LVT_TT_nldm_211120 
INVx8_ASAP7_75t_L               1012    147.550    4047.443    asap7sc7p5t_INVBUF_LVT_TT_nldm_211120 
INVxp33_ASAP7_75t_L                5      0.219       0.842    asap7sc7p5t_INVBUF_LVT_TT_nldm_211120 
NAND2x1_ASAP7_75t_L              190     16.621     120.145    asap7sc7p5t_SIMPLE_LVT_TT_nldm_211120 
NAND2x1p5_ASAP7_75t_L            286     33.359     258.393    asap7sc7p5t_SIMPLE_LVT_TT_nldm_211120 
NAND2x2_ASAP7_75t_L              128     18.662     129.951    asap7sc7p5t_SIMPLE_LVT_TT_nldm_211120 
NAND2xp33_ASAP7_75t_L            211     12.306      53.957    asap7sc7p5t_SIMPLE_LVT_TT_nldm_211120 
NAND2xp5_ASAP7_75t_L           15571    908.101    5500.348    asap7sc7p5t_SIMPLE_LVT_TT_nldm_211120 
NAND2xp67_ASAP7_75t_L              2      0.175       1.001    asap7sc7p5t_SIMPLE_LVT_TT_nldm_211120 
NAND3x1_ASAP7_75t_L               11      1.764       6.151    asap7sc7p5t_SIMPLE_LVT_TT_nldm_211120 
NAND3x2_ASAP7_75t_L                4      1.166       8.397    asap7sc7p5t_SIMPLE_LVT_TT_nldm_211120 
NAND3xp33_ASAP7_75t_L           6164    449.356    5919.744    asap7sc7p5t_SIMPLE_LVT_TT_nldm_211120 
NAND4xp25_ASAP7_75t_L           4105    359.105    4980.535    asap7sc7p5t_SIMPLE_LVT_TT_nldm_211120 
NAND4xp75_ASAP7_75t_L            115     23.474     324.839    asap7sc7p5t_SIMPLE_LVT_TT_nldm_211120 
NAND5xp2_ASAP7_75t_L            6158    628.485    9370.454    asap7sc7p5t_SIMPLE_LVT_TT_nldm_211120 
NOR2x1_ASAP7_75t_L               429     37.529     382.708    asap7sc7p5t_SIMPLE_LVT_TT_nldm_211120 
NOR2x1p5_ASAP7_75t_L              63      7.348      70.460    asap7sc7p5t_SIMPLE_LVT_TT_nldm_211120 
NOR2x2_ASAP7_75t_L                28      4.082      46.852    asap7sc7p5t_SIMPLE_LVT_TT_nldm_211120 
NOR2xp33_ASAP7_75t_L             658     38.375     151.905    asap7sc7p5t_SIMPLE_LVT_TT_nldm_211120 
NOR2xp67_ASAP7_75t_L             110      9.623      54.382    asap7sc7p5t_SIMPLE_LVT_TT_nldm_211120 
NOR3x1_ASAP7_75t_L                 8      1.283       6.573    asap7sc7p5t_SIMPLE_LVT_TT_nldm_211120 
NOR3x2_ASAP7_75t_L                 2      0.583       5.103    asap7sc7p5t_SIMPLE_LVT_TT_nldm_211120 
NOR3xp33_ASAP7_75t_L              10      0.729       3.983    asap7sc7p5t_SIMPLE_LVT_TT_nldm_211120 
NOR4xp25_ASAP7_75t_L              12      1.050       5.226    asap7sc7p5t_SIMPLE_LVT_TT_nldm_211120 
NOR4xp75_ASAP7_75t_L               8      1.633       7.423    asap7sc7p5t_SIMPLE_LVT_TT_nldm_211120 
NOR5xp2_ASAP7_75t_L                4      0.408       6.008    asap7sc7p5t_SIMPLE_LVT_TT_nldm_211120 
O2A1O1Ixp33_ASAP7_75t_L          286     25.019     227.741    asap7sc7p5t_OA_LVT_TT_nldm_211120     
O2A1O1Ixp5_ASAP7_75t_L             4      0.467       2.954    asap7sc7p5t_OA_LVT_TT_nldm_211120     
OA211x2_ASAP7_75t_L                3      0.350       4.596    asap7sc7p5t_OA_LVT_TT_nldm_211120     
OA21x2_ASAP7_75t_L               428     43.682     848.514    asap7sc7p5t_OA_LVT_TT_nldm_211120     
OA222x2_ASAP7_75t_L                1      0.175       1.704    asap7sc7p5t_OA_LVT_TT_nldm_211120     
OA22x2_ASAP7_75t_L               131     19.100     240.101    asap7sc7p5t_OA_LVT_TT_nldm_211120     
OA332x1_ASAP7_75t_L                1      0.160       1.391    asap7sc7p5t_OA_LVT_TT_nldm_211120     
OAI211xp5_ASAP7_75t_L             10      0.875       7.810    asap7sc7p5t_OA_LVT_TT_nldm_211120     
OAI21x1_ASAP7_75t_L               20      2.333      28.835    asap7sc7p5t_OA_LVT_TT_nldm_211120     
OAI21xp5_ASAP7_75t_L           14182   1033.868   13857.832    asap7sc7p5t_OA_LVT_TT_nldm_211120     
OAI221xp5_ASAP7_75t_L            155     15.819     116.282    asap7sc7p5t_OA_LVT_TT_nldm_211120     
OAI222xp33_ASAP7_75t_L            15      2.187      13.984    asap7sc7p5t_OA_LVT_TT_nldm_211120     
OAI22x1_ASAP7_75t_L               51      7.436      80.495    asap7sc7p5t_OA_LVT_TT_nldm_211120     
OAI22xp33_ASAP7_75t_L             17      1.487       8.475    asap7sc7p5t_OA_LVT_TT_nldm_211120     
OAI22xp5_ASAP7_75t_L            4233    370.303    3530.416    asap7sc7p5t_OA_LVT_TT_nldm_211120     
OAI31xp33_ASAP7_75t_L              2      0.175       0.991    asap7sc7p5t_OA_LVT_TT_nldm_211120     
OAI321xp33_ASAP7_75t_L             2      0.233       1.586    asap7sc7p5t_OA_LVT_TT_nldm_211120     
OAI322xp33_ASAP7_75t_L             2      0.262       1.480    asap7sc7p5t_OA_LVT_TT_nldm_211120     
OAI32xp33_ASAP7_75t_L              1      0.102       0.659    asap7sc7p5t_OA_LVT_TT_nldm_211120     
OR2x2_ASAP7_75t_L                510     44.615     738.246    asap7sc7p5t_SIMPLE_LVT_TT_nldm_211120 
OR2x4_ASAP7_75t_L                450     52.488    1097.589    asap7sc7p5t_SIMPLE_LVT_TT_nldm_211120 
OR2x6_ASAP7_75t_L               4543    794.843   15850.865    asap7sc7p5t_SIMPLE_LVT_TT_nldm_211120 
OR3x2_ASAP7_75t_L                  1      0.102       1.281    asap7sc7p5t_SIMPLE_LVT_TT_nldm_211120 
OR4x1_ASAP7_75t_L                559     57.052    1209.244    asap7sc7p5t_SIMPLE_LVT_TT_nldm_211120 
OR4x2_ASAP7_75t_L                  1      0.117       3.054    asap7sc7p5t_SIMPLE_LVT_TT_nldm_211120 
OR5x1_ASAP7_75t_L               2048    238.879    3498.516    asap7sc7p5t_SIMPLE_LVT_TT_nldm_211120 
SDFHx1_ASAP7_75t_L             23888   8707.176   62432.654    asap7sc7p5t_SEQ_LVT_TT_nldm_220123    
SDFHx2_ASAP7_75t_L                11      4.170      34.162    asap7sc7p5t_SEQ_LVT_TT_nldm_220123    
SDFHx4_ASAP7_75t_L               374    169.041    2271.203    asap7sc7p5t_SEQ_LVT_TT_nldm_220123    
XNOR2x1_ASAP7_75t_L                7      1.225      16.027    asap7sc7p5t_SIMPLE_LVT_TT_nldm_211120 
XNOR2xp5_ASAP7_75t_L             134     17.583     178.122    asap7sc7p5t_SIMPLE_LVT_TT_nldm_211120 
XOR2x1_ASAP7_75t_L                 5      0.875      11.370    asap7sc7p5t_SIMPLE_LVT_TT_nldm_211120 
XOR2x2_ASAP7_75t_L                 1      0.160       2.308    asap7sc7p5t_SIMPLE_LVT_TT_nldm_211120 
XOR2xp5_ASAP7_75t_L               49      6.430      64.753    asap7sc7p5t_SIMPLE_LVT_TT_nldm_211120 
-----------------------------------------------------------------------------------------------------
total                         467601  72268.846  692921.504                                          


                                                                        Leakage  Leakage 
               Library                Instances Instances %    Area   Power (nW) Power % 
-----------------------------------------------------------------------------------------
asap7sc7p5t_AO_LVT_TT_nldm_211120        177387        37.9 15660.888 133999.051    19.3 
asap7sc7p5t_INVBUF_LVT_TT_nldm_211120     66679        14.3  4581.240  90320.171    13.0 
asap7sc7p5t_OA_LVT_TT_nldm_211120         19544         4.2  1524.033  18975.845     2.7 
asap7sc7p5t_SEQ_LVT_TT_nldm_220123       143189        30.6 44663.220 367208.849    53.0 
asap7sc7p5t_SIMPLE_LVT_TT_nldm_211120     60802        13.0  5839.465  82417.587    11.9 

                                            Leakage  Leakage 
     Type      Instances    Area   Area % Power (nW) Power % 
-------------------------------------------------------------
sequential        143189 44663.220   61.8 367208.849    53.0 
inverter           59180  3333.352    4.6  55310.143     8.0 
buffer              7499  1247.888    1.7  35010.028     5.1 
logic             257733 23024.386   31.9 235392.484    34.0 
physical_cells         0     0.000    0.0      0.000     0.0 
-------------------------------------------------------------
total             467601 72268.846  100.0 692921.504   100.0 

