

Working Directory = /home/min/a/aaqdas/Documents/cvw/cadence/synthesis/alu
QoS Summary for alu_wrapper
================================================================================
Metric                          generic         map             final          
================================================================================
Slack (ps):                       inf             inf             inf
  R2R (ps):                  no_value        no_value        no_value
  I2R (ps):                  no_value        no_value        no_value
  R2O (ps):                  no_value        no_value        no_value
  I2O (ps):                  no_value        no_value        no_value
  CG  (ps):                  no_value        no_value        no_value
TNS (ps):                           0               0               0
  R2R (ps):                  no_value        no_value        no_value
  I2R (ps):                  no_value        no_value        no_value
  R2O (ps):                  no_value        no_value        no_value
  I2O (ps):                  no_value        no_value        no_value
  CG  (ps):                  no_value        no_value        no_value
Failing Paths:                      0               0               0
Cell Area:                      3,071           1,465           1,413
Total Cell Area:                3,071           1,465           1,413
Leaf Instances:                36,854          17,206          16,320
Total Instances:               36,854          17,206          16,320
Utilization (%):                 0.00            0.00            0.00
Tot. Net Length (um):        no_value        no_value        no_value
Avg. Net Length (um):        no_value        no_value        no_value
Route Overflow H (%):        no_value        no_value        no_value
Route Overflow V (%):        no_value        no_value        no_value
MBCI(%) (bits/gate) :            0.00            0.00            0.00
Norm Cong Hotspot Area:
  Max Cong:                  no_value        no_value        no_value
  Tot Cong:                  no_value        no_value        no_value
================================================================================
CPU  Runtime (h:m:s):        00:02:29        00:02:37        00:00:14
Real Runtime (h:m:s):        00:02:12        00:02:18        00:00:16
CPU  Elapsed (h:m:s):        00:02:33        00:05:09        00:05:23
Real Elapsed (h:m:s):        00:02:15        00:04:32        00:04:48
Memory (MB):                  1787.57         1779.96         1779.79
================================================================================
================================================================================
Flow Settings:
================================================================================
Total Runtime (h:m:s): 00:04:49
Total Memory (MB):     1788.80
Executable Version:    21.17-s066_1
================================================================================
Total Cell Area =  Cell Area + Physical Cell Area
Total Instances =  Leaf Instances + Physical Instances


