============================================================
  Generated by:           Genus(TM) Synthesis Solution 21.17-s066_1
  Generated on:           Apr 29 2025  03:31:35 pm
  Module:                 alu_wrapper
  Technology libraries:   asap7sc7p5t_AO_LVT_TT_nldm_211120 1.0
                          asap7sc7p5t_INVBUF_LVT_TT_nldm_211120 1.0
                          asap7sc7p5t_OA_LVT_TT_nldm_211120 1.0
                          asap7sc7p5t_SEQ_LVT_TT_nldm_220123 1.0
                          asap7sc7p5t_SIMPLE_LVT_TT_nldm_211120 1.0
                          physical_cells 
                          asap7sc7p5t_AO_LVT_TT_nldm_211120 1.0
                          asap7sc7p5t_INVBUF_LVT_TT_nldm_211120 1.0
                          asap7sc7p5t_OA_LVT_TT_nldm_211120 1.0
                          asap7sc7p5t_SEQ_LVT_TT_nldm_220123 1.0
                          asap7sc7p5t_SIMPLE_LVT_TT_nldm_211120 1.0
                          physical_cells 
  Operating conditions:   PVT_0P7V_25C 
  Interconnect mode:      global
  Area mode:              physical library
============================================================

                                                 Leakage  
           Gate            Instances    Area   Power (nW)                  Library                 
---------------------------------------------------------------------------------------------------
A2O1A1Ixp33_ASAP7_75t_L          187    16.359    117.929    asap7sc7p5t_AO_LVT_TT_nldm_211120     
A2O1A1O1Ixp25_ASAP7_75t_L          7     0.919      2.442    asap7sc7p5t_AO_LVT_TT_nldm_211120     
AND2x2_ASAP7_75t_L               182    15.921    267.221    asap7sc7p5t_SIMPLE_LVT_TT_nldm_211120 
AND3x1_ASAP7_75t_L                57     4.986    103.816    asap7sc7p5t_SIMPLE_LVT_TT_nldm_211120 
AND4x1_ASAP7_75t_L                31     3.164     71.152    asap7sc7p5t_SIMPLE_LVT_TT_nldm_211120 
AND5x1_ASAP7_75t_L                56     6.532     94.157    asap7sc7p5t_SIMPLE_LVT_TT_nldm_211120 
AO21x1_ASAP7_75t_L               102     8.923    118.139    asap7sc7p5t_AO_LVT_TT_nldm_211120     
AO221x1_ASAP7_75t_L              105    15.309    128.025    asap7sc7p5t_AO_LVT_TT_nldm_211120     
AO222x2_ASAP7_75t_L               33     5.774     63.818    asap7sc7p5t_AO_LVT_TT_nldm_211120     
AO22x1_ASAP7_75t_L                92    12.072     88.567    asap7sc7p5t_AO_LVT_TT_nldm_211120     
AO32x1_ASAP7_75t_L                 1     0.117      1.025    asap7sc7p5t_AO_LVT_TT_nldm_211120     
AO32x2_ASAP7_75t_L                 1     0.131      1.547    asap7sc7p5t_AO_LVT_TT_nldm_211120     
AO331x1_ASAP7_75t_L                1     0.146      0.779    asap7sc7p5t_AO_LVT_TT_nldm_211120     
AOI211xp5_ASAP7_75t_L            246    21.520    197.352    asap7sc7p5t_AO_LVT_TT_nldm_211120     
AOI21xp33_ASAP7_75t_L            346    25.223    135.786    asap7sc7p5t_AO_LVT_TT_nldm_211120     
AOI21xp5_ASAP7_75t_L               1     0.073      0.706    asap7sc7p5t_AO_LVT_TT_nldm_211120     
AOI221xp5_ASAP7_75t_L            385    39.293    267.470    asap7sc7p5t_AO_LVT_TT_nldm_211120     
AOI222xp33_ASAP7_75t_L            92    13.414     51.459    asap7sc7p5t_AO_LVT_TT_nldm_211120     
AOI22xp33_ASAP7_75t_L            984    86.080    435.128    asap7sc7p5t_AO_LVT_TT_nldm_211120     
AOI22xp5_ASAP7_75t_L               7     0.612      5.528    asap7sc7p5t_AO_LVT_TT_nldm_211120     
AOI311xp33_ASAP7_75t_L             2     0.204      1.898    asap7sc7p5t_AO_LVT_TT_nldm_211120     
AOI31xp33_ASAP7_75t_L             32     2.799      9.717    asap7sc7p5t_AO_LVT_TT_nldm_211120     
AOI321xp33_ASAP7_75t_L             4     0.467      3.277    asap7sc7p5t_AO_LVT_TT_nldm_211120     
AOI32xp33_ASAP7_75t_L              6     0.612      2.435    asap7sc7p5t_AO_LVT_TT_nldm_211120     
AOI331xp33_ASAP7_75t_L             1     0.131      1.031    asap7sc7p5t_AO_LVT_TT_nldm_211120     
AOI332xp33_ASAP7_75t_L             1     0.146      0.951    asap7sc7p5t_AO_LVT_TT_nldm_211120     
AOI33xp33_ASAP7_75t_L              2     0.233      1.044    asap7sc7p5t_AO_LVT_TT_nldm_211120     
INVx1_ASAP7_75t_L               1775    77.639    896.691    asap7sc7p5t_INVBUF_LVT_TT_nldm_211120 
INVx2_ASAP7_75t_L                  6     0.350      6.020    asap7sc7p5t_INVBUF_LVT_TT_nldm_211120 
INVx3_ASAP7_75t_L                  2     0.146      2.993    asap7sc7p5t_INVBUF_LVT_TT_nldm_211120 
INVxp33_ASAP7_75t_L                2     0.087      0.330    asap7sc7p5t_INVBUF_LVT_TT_nldm_211120 
INVxp67_ASAP7_75t_L                1     0.044      0.330    asap7sc7p5t_INVBUF_LVT_TT_nldm_211120 
MAJIxp5_ASAP7_75t_L              104    10.614     84.492    asap7sc7p5t_SIMPLE_LVT_TT_nldm_211120 
MAJx2_ASAP7_75t_L                 15     1.968     27.035    asap7sc7p5t_SIMPLE_LVT_TT_nldm_211120 
NAND2x1_ASAP7_75t_L                6     0.525      4.692    asap7sc7p5t_SIMPLE_LVT_TT_nldm_211120 
NAND2xp33_ASAP7_75t_L           2841   165.687    637.204    asap7sc7p5t_SIMPLE_LVT_TT_nldm_211120 
NAND2xp5_ASAP7_75t_L              43     2.508     19.679    asap7sc7p5t_SIMPLE_LVT_TT_nldm_211120 
NAND2xp67_ASAP7_75t_L              2     0.175      0.745    asap7sc7p5t_SIMPLE_LVT_TT_nldm_211120 
NAND3xp33_ASAP7_75t_L            300    21.870    236.798    asap7sc7p5t_SIMPLE_LVT_TT_nldm_211120 
NAND4xp25_ASAP7_75t_L            231    20.208    249.686    asap7sc7p5t_SIMPLE_LVT_TT_nldm_211120 
NAND5xp2_ASAP7_75t_L             293    29.904    386.868    asap7sc7p5t_SIMPLE_LVT_TT_nldm_211120 
NOR2x1_ASAP7_75t_L                 8     0.700      5.735    asap7sc7p5t_SIMPLE_LVT_TT_nldm_211120 
NOR2xp33_ASAP7_75t_L            2286   133.320    450.897    asap7sc7p5t_SIMPLE_LVT_TT_nldm_211120 
NOR2xp67_ASAP7_75t_L               5     0.437      1.946    asap7sc7p5t_SIMPLE_LVT_TT_nldm_211120 
NOR3xp33_ASAP7_75t_L             174    12.685    132.767    asap7sc7p5t_SIMPLE_LVT_TT_nldm_211120 
NOR4xp25_ASAP7_75t_L             256    22.395    298.203    asap7sc7p5t_SIMPLE_LVT_TT_nldm_211120 
NOR5xp2_ASAP7_75t_L              271    27.658    376.699    asap7sc7p5t_SIMPLE_LVT_TT_nldm_211120 
O2A1O1Ixp33_ASAP7_75t_L          111     9.710     70.938    asap7sc7p5t_OA_LVT_TT_nldm_211120     
OA211x2_ASAP7_75t_L               67     7.815    100.219    asap7sc7p5t_OA_LVT_TT_nldm_211120     
OA21x2_ASAP7_75t_L                84     8.573    138.090    asap7sc7p5t_OA_LVT_TT_nldm_211120     
OA222x2_ASAP7_75t_L               25     4.374     46.687    asap7sc7p5t_OA_LVT_TT_nldm_211120     
OA22x2_ASAP7_75t_L                58     8.456     92.937    asap7sc7p5t_OA_LVT_TT_nldm_211120     
OA331x1_ASAP7_75t_L                2     0.292      1.584    asap7sc7p5t_OA_LVT_TT_nldm_211120     
OAI211xp5_ASAP7_75t_L            264    23.095    198.793    asap7sc7p5t_OA_LVT_TT_nldm_211120     
OAI21xp33_ASAP7_75t_L            313    22.818    115.944    asap7sc7p5t_OA_LVT_TT_nldm_211120     
OAI221xp5_ASAP7_75t_L            331    33.782    209.740    asap7sc7p5t_OA_LVT_TT_nldm_211120     
OAI222xp33_ASAP7_75t_L           141    20.558    109.155    asap7sc7p5t_OA_LVT_TT_nldm_211120     
OAI22xp33_ASAP7_75t_L            674    58.962    273.887    asap7sc7p5t_OA_LVT_TT_nldm_211120     
OAI22xp5_ASAP7_75t_L               9     0.787      6.729    asap7sc7p5t_OA_LVT_TT_nldm_211120     
OAI311xp33_ASAP7_75t_L             3     0.306      1.668    asap7sc7p5t_OA_LVT_TT_nldm_211120     
OAI31xp33_ASAP7_75t_L             44     3.849     13.539    asap7sc7p5t_OA_LVT_TT_nldm_211120     
OAI321xp33_ASAP7_75t_L             2     0.233      1.431    asap7sc7p5t_OA_LVT_TT_nldm_211120     
OAI32xp33_ASAP7_75t_L              2     0.204      0.815    asap7sc7p5t_OA_LVT_TT_nldm_211120     
OAI331xp33_ASAP7_75t_L             4     0.525      1.799    asap7sc7p5t_OA_LVT_TT_nldm_211120     
OAI33xp33_ASAP7_75t_L              1     0.117      0.409    asap7sc7p5t_OA_LVT_TT_nldm_211120     
OR2x2_ASAP7_75t_L                 71     6.211    109.531    asap7sc7p5t_SIMPLE_LVT_TT_nldm_211120 
OR3x1_ASAP7_75t_L                 49     4.287     90.796    asap7sc7p5t_SIMPLE_LVT_TT_nldm_211120 
OR4x1_ASAP7_75t_L                 26     2.654     58.726    asap7sc7p5t_SIMPLE_LVT_TT_nldm_211120 
OR5x1_ASAP7_75t_L                 72     8.398    120.559    asap7sc7p5t_SIMPLE_LVT_TT_nldm_211120 
XNOR2x2_ASAP7_75t_L                2     0.321      4.641    asap7sc7p5t_SIMPLE_LVT_TT_nldm_211120 
XNOR2xp5_ASAP7_75t_L            1216   159.564   1525.995    asap7sc7p5t_SIMPLE_LVT_TT_nldm_211120 
XOR2x2_ASAP7_75t_L                 4     0.642      9.340    asap7sc7p5t_SIMPLE_LVT_TT_nldm_211120 
XOR2xp5_ASAP7_75t_L             2046   268.476   2635.687    asap7sc7p5t_SIMPLE_LVT_TT_nldm_211120 
---------------------------------------------------------------------------------------------------
total                          17206  1465.086  11931.845                                          


                                                                      Leakage  Leakage 
               Library                Instances Instances %   Area  Power (nW) Power % 
---------------------------------------------------------------------------------------
asap7sc7p5t_AO_LVT_TT_nldm_211120          2638        15.3 250.557   1636.053    13.7 
asap7sc7p5t_INVBUF_LVT_TT_nldm_211120      1786        10.4  78.265    906.362     7.6 
asap7sc7p5t_OA_LVT_TT_nldm_211120          2135        12.4 204.455   1384.364    11.6 
asap7sc7p5t_SIMPLE_LVT_TT_nldm_211120     10647        61.9 931.808   8005.066    67.1 

                                           Leakage  Leakage 
     Type      Instances   Area   Area % Power (nW) Power % 
------------------------------------------------------------
inverter            1786   78.265    5.3    906.362     7.6 
logic              15420 1386.820   94.7  11025.482    92.4 
physical_cells         0    0.000    0.0      0.000     0.0 
------------------------------------------------------------
total              17206 1465.086  100.0  11931.845   100.0 

