============================================================
  Generated by:           Genus(TM) Synthesis Solution 21.17-s066_1
  Generated on:           Apr 29 2025  03:31:33 pm
  Module:                 alu_wrapper
  Technology libraries:   asap7sc7p5t_AO_LVT_TT_nldm_211120 1.0
                          asap7sc7p5t_INVBUF_LVT_TT_nldm_211120 1.0
                          asap7sc7p5t_OA_LVT_TT_nldm_211120 1.0
                          asap7sc7p5t_SEQ_LVT_TT_nldm_220123 1.0
                          asap7sc7p5t_SIMPLE_LVT_TT_nldm_211120 1.0
                          physical_cells 
                          asap7sc7p5t_AO_LVT_TT_nldm_211120 1.0
                          asap7sc7p5t_INVBUF_LVT_TT_nldm_211120 1.0
                          asap7sc7p5t_OA_LVT_TT_nldm_211120 1.0
                          asap7sc7p5t_SEQ_LVT_TT_nldm_220123 1.0
                          asap7sc7p5t_SIMPLE_LVT_TT_nldm_211120 1.0
                          physical_cells 
  Operating conditions:   PVT_0P7V_25C 
  Interconnect mode:      global
  Area mode:              physical library
============================================================

Timing
-------
  Cost    Critical         Violating 
 Group   Path Slack  TNS     Paths   
-------------------------------------
default    No paths   0.0            
-------------------------------------
Total                 0.0          0 

Instance Count
--------------
Leaf Instance Count             17206 
Physical Instance count             0 
Sequential Instance Count           0 
Combinational Instance Count    17206 
Hierarchical Instance Count         1 

Area
----
Cell Area                          1465.086
Physical Cell Area                 0.000
Total Cell Area (Cell+Physical)    1465.086
Net Area                           988.074
Total Area (Cell+Physical+Net)     2453.160

Runtime                            68.845404 seconds
Elapsed Runtime                    275 seconds
Genus peak memory usage            1787.96 
Innovus peak memory usage          no_value 
Hostname                           ececomp2.ecn.purdue.edu
